
  .   ____          _            __ _ _
 /\\ / ___'_ __ _ _(_)_ __  __ _ \ \ \ \
( ( )\___ | '_ | '_| | '_ \/ _` | \ \ \ \
 \\/  ___)| |_)| | | | | || (_| |  ) ) ) )
  '  |____| .__|_| |_|_| |_\__, | / / / /
 =========|_|==============|___/=/_/_/_/

 :: Spring Boot ::                (v4.0.5)

2026-04-14T06:26:31.682-05:00  INFO 33800 --- [posts-service] [           main] c.e.u.s.p.PostsServiceApplication        : Starting PostsServiceApplication v0.0.1-SNAPSHOT using Java 25.0.1 with PID 33800 (C:\Users\angel\Documents\UPTC\2026-1\Software II\Proyecto\El-Muro-Microservicio\services\posts-service\target\posts-service-0.0.1-SNAPSHOT.jar started by angel in C:\Users\angel\Documents\UPTC\2026-1\Software II\Proyecto\El-Muro-Microservicio\services\posts-service)
2026-04-14T06:26:31.701-05:00  INFO 33800 --- [posts-service] [           main] c.e.u.s.p.PostsServiceApplication        : No active profile set, falling back to 1 default profile: "default"
2026-04-14T06:26:38.352-05:00  INFO 33800 --- [posts-service] [           main] .s.d.r.c.RepositoryConfigurationDelegate : Multiple Spring Data modules found, entering strict repository configuration mode
2026-04-14T06:26:38.353-05:00  INFO 33800 --- [posts-service] [           main] .s.d.r.c.RepositoryConfigurationDelegate : Bootstrapping Spring Data MongoDB repositories in DEFAULT mode.
2026-04-14T06:26:39.427-05:00  INFO 33800 --- [posts-service] [           main] .s.d.r.c.RepositoryConfigurationDelegate : Finished Spring Data repository scanning in 1040 ms. Found 1 MongoDB repository interface.
2026-04-14T06:26:41.275-05:00  INFO 33800 --- [posts-service] [           main] .s.d.r.c.RepositoryConfigurationDelegate : Multiple Spring Data modules found, entering strict repository configuration mode
2026-04-14T06:26:41.281-05:00  INFO 33800 --- [posts-service] [           main] .s.d.r.c.RepositoryConfigurationDelegate : Bootstrapping Spring Data Redis repositories in DEFAULT mode.
2026-04-14T06:26:41.422-05:00  INFO 33800 --- [posts-service] [           main] .RepositoryConfigurationExtensionSupport : Spring Data Redis - Could not safely identify store assignment for repository candidate interface co.edu.uptc.swii.posts_service.repository.RepositoryPost; If you want this repository to be a Redis repository, consider annotating your entities with one of these annotations: org.springframework.data.redis.core.RedisHash (preferred), or consider extending one of the following types with your repository: org.springframework.data.keyvalue.repository.KeyValueRepository
2026-04-14T06:26:41.423-05:00  INFO 33800 --- [posts-service] [           main] .s.d.r.c.RepositoryConfigurationDelegate : Finished Spring Data repository scanning in 64 ms. Found 0 Redis repository interfaces.
2026-04-14T06:26:44.474-05:00  INFO 33800 --- [posts-service] [           main] o.s.cloud.context.scope.GenericScope     : BeanFactory id=01fc87fb-b3fa-3545-a498-0fe60b51d764
2026-04-14T06:26:47.123-05:00  INFO 33800 --- [posts-service] [           main] o.s.boot.tomcat.TomcatWebServer          : Tomcat initialized with port 8002 (http)
2026-04-14T06:26:47.233-05:00  INFO 33800 --- [posts-service] [           main] o.apache.catalina.core.StandardService   : Starting service [Tomcat]
2026-04-14T06:26:47.234-05:00  INFO 33800 --- [posts-service] [           main] o.apache.catalina.core.StandardEngine    : Starting Servlet engine: [Apache Tomcat/11.0.20]
2026-04-14T06:26:47.470-05:00  INFO 33800 --- [posts-service] [           main] b.w.c.s.WebApplicationContextInitializer : Root WebApplicationContext: initialization completed in 15158 ms
2026-04-14T06:26:47.671-05:00  INFO 33800 --- [posts-service] [           main] c.e.u.s.p.security.JwtService            : JwtService initialized with secret length: 48
2026-04-14T06:26:51.740-05:00  INFO 33800 --- [posts-service] [           main] org.mongodb.driver.client                : MongoClient with metadata {"driver": {"name": "mongo-java-driver|spring-boot|sync", "version": "5.6.4"}, "os": {"type": "Windows", "name": "Windows 11", "architecture": "amd64", "version": "10.0"}, "platform": "Java/Oracle Corporation/25.0.1+8-LTS-27"} created with settings MongoClientSettings{readPreference=primary, writeConcern=WriteConcern{w=null, wTimeout=null ms, journal=null}, retryWrites=true, retryReads=true, readConcern=ReadConcern{level=null}, credential=MongoCredential{mechanism=null, userName='admin', source='admin', password=<hidden>, mechanismProperties=<hidden>}, transportSettings=null, commandListeners=[], codecRegistry=ProvidersCodecRegistry{codecProviders=[ValueCodecProvider{}, BsonValueCodecProvider{}, DBRefCodecProvider{}, DBObjectCodecProvider{}, DocumentCodecProvider{}, CollectionCodecProvider{}, IterableCodecProvider{}, MapCodecProvider{}, GeoJsonCodecProvider{}, GridFSFileCodecProvider{}, Jsr310CodecProvider{}, JsonObjectCodecProvider{}, BsonCodecProvider{}, com.mongodb.client.model.mql.ExpressionCodecProvider@6fe5da76, com.mongodb.Jep395RecordCodecProvider@77d95e5a, com.mongodb.KotlinCodecProvider@6339e604, EnumCodecProvider{}]}, loggerSettings=LoggerSettings{maxDocumentLength=1000}, clusterSettings={hosts=[localhost:27017], srvServiceName=mongodb, mode=SINGLE, requiredClusterType=UNKNOWN, requiredReplicaSetName='null', serverSelector='null', clusterListeners='[]', serverSelectionTimeout='30000 ms', localThreshold='15 ms'}, socketSettings=SocketSettings{connectTimeoutMS=10000, readTimeoutMS=0, receiveBufferSize=0, proxySettings=ProxySettings{host=null, port=null, username=null, password=null}}, heartbeatSocketSettings=SocketSettings{connectTimeoutMS=10000, readTimeoutMS=10000, receiveBufferSize=0, proxySettings=ProxySettings{host=null, port=null, username=null, password=null}}, connectionPoolSettings=ConnectionPoolSettings{maxSize=100, minSize=0, maxWaitTimeMS=120000, maxConnectionLifeTimeMS=0, maxConnectionIdleTimeMS=0, maintenanceInitialDelayMS=0, maintenanceFrequencyMS=60000, connectionPoolListeners=[], maxConnecting=2}, serverSettings=ServerSettings{heartbeatFrequencyMS=10000, minHeartbeatFrequencyMS=500, serverMonitoringMode=AUTO, serverListeners='[]', serverMonitorListeners='[]'}, sslSettings=SslSettings{enabled=false, invalidHostNameAllowed=false, context=null}, applicationName='null', compressorList=[], uuidRepresentation=UNSPECIFIED, serverApi=null, autoEncryptionSettings=null, dnsClient=null, inetAddressResolver=null, contextProvider=null, timeoutMS=null}
2026-04-14T06:26:51.865-05:00  INFO 33800 --- [posts-service] [localhost:27017] org.mongodb.driver.cluster               : Monitor thread successfully connected to server with description ServerDescription{address=localhost:27017, type=STANDALONE, cryptd=false, state=CONNECTED, ok=true, minWireVersion=0, maxWireVersion=27, maxDocumentSize=16777216, logicalSessionTimeoutMinutes=30, roundTripTimeNanos=110617700, minRoundTripTimeNanos=0}
2026-04-14T06:26:57.868-05:00  WARN 33800 --- [posts-service] [           main] .s.a.UserDetailsServiceAutoConfiguration : 

Using generated security password: d0091651-ec65-43a9-94a4-3abfeb2bd04c

This generated password is for development use only. Your security configuration must be updated before running your application in production.

2026-04-14T06:26:57.988-05:00  INFO 33800 --- [posts-service] [           main] r$InitializeUserDetailsManagerConfigurer : Global AuthenticationManager configured with UserDetailsService bean with name inMemoryUserDetailsManager
2026-04-14T06:27:02.089-05:00  INFO 33800 --- [posts-service] [           main] DiscoveryClientOptionalArgsConfiguration : Eureka HTTP Client uses RestClient.
2026-04-14T06:27:02.707-05:00  WARN 33800 --- [posts-service] [           main] iguration$LoadBalancerCaffeineWarnLogger : Spring Cloud LoadBalancer is currently working with the default cache. While this cache implementation is useful for development and tests, it's recommended to use Caffeine cache in production.You can switch to using Caffeine cache, by adding it and org.springframework.cache.caffeine.CaffeineCacheManager to the classpath.
2026-04-14T06:27:02.967-05:00  INFO 33800 --- [posts-service] [           main] o.s.c.n.eureka.InstanceInfoFactory       : Setting initial instance status as: STARTING
2026-04-14T06:27:03.158-05:00  INFO 33800 --- [posts-service] [           main] com.netflix.discovery.DiscoveryClient    : Initializing Eureka in region us-east-1
2026-04-14T06:27:03.195-05:00  INFO 33800 --- [posts-service] [           main] c.n.d.s.r.aws.ConfigClusterResolver      : Resolving eureka endpoints via configuration
2026-04-14T06:27:03.281-05:00  INFO 33800 --- [posts-service] [           main] com.netflix.discovery.DiscoveryClient    : Disable delta property : false
2026-04-14T06:27:03.282-05:00  INFO 33800 --- [posts-service] [           main] com.netflix.discovery.DiscoveryClient    : Single vip registry refresh property : null
2026-04-14T06:27:03.283-05:00  INFO 33800 --- [posts-service] [           main] com.netflix.discovery.DiscoveryClient    : Force full registry fetch : false
2026-04-14T06:27:03.283-05:00  INFO 33800 --- [posts-service] [           main] com.netflix.discovery.DiscoveryClient    : Application is null : false
2026-04-14T06:27:03.284-05:00  INFO 33800 --- [posts-service] [           main] com.netflix.discovery.DiscoveryClient    : Registered Applications size is zero : true
2026-04-14T06:27:03.287-05:00  INFO 33800 --- [posts-service] [           main] com.netflix.discovery.DiscoveryClient    : Application version is -1: true
2026-04-14T06:27:03.287-05:00  INFO 33800 --- [posts-service] [           main] com.netflix.discovery.DiscoveryClient    : Getting all instance registry info from the eureka server
2026-04-14T06:27:06.242-05:00  INFO 33800 --- [posts-service] [           main] com.netflix.discovery.DiscoveryClient    : The response status is 200
2026-04-14T06:27:06.254-05:00  INFO 33800 --- [posts-service] [           main] com.netflix.discovery.DiscoveryClient    : Starting heartbeat executor: renew interval is: 30
2026-04-14T06:27:06.279-05:00  INFO 33800 --- [posts-service] [           main] c.n.discovery.InstanceInfoReplicator     : InstanceInfoReplicator onDemand update allowed rate per min is 4
2026-04-14T06:27:06.289-05:00  INFO 33800 --- [posts-service] [           main] com.netflix.discovery.DiscoveryClient    : Discovery Client initialized at timestamp 1776166026284 with initial instances count: 5
2026-04-14T06:27:06.305-05:00  INFO 33800 --- [posts-service] [           main] o.s.c.n.e.s.EurekaServiceRegistry        : Registering application POSTS-SERVICE with eureka with status UP
2026-04-14T06:27:06.309-05:00  INFO 33800 --- [posts-service] [           main] com.netflix.discovery.DiscoveryClient    : Saw local status change event StatusChangeEvent [timestamp=1776166026309, current=UP, previous=STARTING]
2026-04-14T06:27:06.316-05:00  INFO 33800 --- [posts-service] [foReplicator-%d] com.netflix.discovery.DiscoveryClient    : DiscoveryClient_POSTS-SERVICE/Angela:posts-service:8002: registering service...
2026-04-14T06:27:06.383-05:00  INFO 33800 --- [posts-service] [           main] o.s.boot.tomcat.TomcatWebServer          : Tomcat started on port 8002 (http) with context path '/'
2026-04-14T06:27:06.393-05:00  INFO 33800 --- [posts-service] [           main] .s.c.n.e.s.EurekaAutoServiceRegistration : Updating port to 8002
2026-04-14T06:27:06.549-05:00  INFO 33800 --- [posts-service] [foReplicator-%d] com.netflix.discovery.DiscoveryClient    : DiscoveryClient_POSTS-SERVICE/Angela:posts-service:8002 - registration status: 204
2026-04-14T06:27:06.769-05:00  INFO 33800 --- [posts-service] [nio-8002-exec-2] o.a.c.c.C.[Tomcat].[localhost].[/]       : Initializing Spring DispatcherServlet 'dispatcherServlet'
2026-04-14T06:27:06.769-05:00  INFO 33800 --- [posts-service] [nio-8002-exec-2] o.s.web.servlet.DispatcherServlet        : Initializing Servlet 'dispatcherServlet'
2026-04-14T06:27:06.792-05:00  INFO 33800 --- [posts-service] [nio-8002-exec-2] o.s.web.servlet.DispatcherServlet        : Completed initialization in 21 ms
2026-04-14T06:27:06.796-05:00  INFO 33800 --- [posts-service] [           main] c.e.u.s.p.PostsServiceApplication        : Started PostsServiceApplication in 39.887 seconds (process running for 45.316)
2026-04-14T06:32:03.299-05:00  INFO 33800 --- [posts-service] [rap-executor-%d] c.n.d.s.r.aws.ConfigClusterResolver      : Resolving eureka endpoints via configuration
2026-04-14T06:37:03.311-05:00  INFO 33800 --- [posts-service] [rap-executor-%d] c.n.d.s.r.aws.ConfigClusterResolver      : Resolving eureka endpoints via configuration
2026-04-14T06:42:03.315-05:00  INFO 33800 --- [posts-service] [rap-executor-%d] c.n.d.s.r.aws.ConfigClusterResolver      : Resolving eureka endpoints via configuration
