INFO:     Started server process [31144]
INFO:     Waiting for application startup.
2026-04-14 06:26:42,772 INFO sqlalchemy.engine.Engine select pg_catalog.version()
2026-04-14 06:26:42,773 INFO sqlalchemy.engine.Engine [raw sql] {}
2026-04-14 06:26:42,803 INFO sqlalchemy.engine.Engine select current_schema()
2026-04-14 06:26:42,803 INFO sqlalchemy.engine.Engine [raw sql] {}
2026-04-14 06:26:42,845 INFO sqlalchemy.engine.Engine show standard_conforming_strings
2026-04-14 06:26:42,845 INFO sqlalchemy.engine.Engine [raw sql] {}
2026-04-14 06:26:42,892 INFO sqlalchemy.engine.Engine BEGIN (implicit)
2026-04-14 06:26:42,907 INFO sqlalchemy.engine.Engine SELECT pg_catalog.pg_class.relname 
FROM pg_catalog.pg_class JOIN pg_catalog.pg_namespace ON pg_catalog.pg_namespace.oid = pg_catalog.pg_class.relnamespace 
WHERE pg_catalog.pg_class.relname = %(table_name)s AND pg_catalog.pg_class.relkind = ANY (ARRAY[%(param_1)s, %(param_2)s, %(param_3)s, %(param_4)s, %(param_5)s]) AND pg_catalog.pg_table_is_visible(pg_catalog.pg_class.oid) AND pg_catalog.pg_namespace.nspname != %(nspname_1)s
2026-04-14 06:26:42,908 INFO sqlalchemy.engine.Engine [generated in 0.00072s] {'table_name': 'carreras', 'param_1': 'r', 'param_2': 'p', 'param_3': 'f', 'param_4': 'v', 'param_5': 'm', 'nspname_1': 'pg_catalog'}
2026-04-14 06:26:43,187 INFO sqlalchemy.engine.Engine COMMIT
INFO:     Application startup complete.
INFO:     Uvicorn running on http://0.0.0.0:8001 (Press CTRL+C to quit)
Base de datos inicializada
INFO:     127.0.0.1:59732 - "GET /health HTTP/1.1" 200 OK
2026-04-14 06:29:43,281 INFO sqlalchemy.engine.Engine BEGIN (implicit)
2026-04-14 06:29:43,289 INFO sqlalchemy.engine.Engine SELECT carreras.id AS carreras_id, carreras.nombre AS carreras_nombre, carreras.descripcion AS carreras_descripcion, carreras.created_at AS carreras_created_at, carreras.updated_at AS carreras_updated_at 
FROM carreras 
 LIMIT %(param_1)s OFFSET %(param_2)s
2026-04-14 06:29:43,289 INFO sqlalchemy.engine.Engine [generated in 0.00082s] {'param_1': 100, 'param_2': 0}
INFO:     127.0.0.1:51464 - "GET /api/carreras/ HTTP/1.1" 200 OK
2026-04-14 06:29:43,343 INFO sqlalchemy.engine.Engine ROLLBACK
2026-04-14 06:30:50,920 INFO sqlalchemy.engine.Engine BEGIN (implicit)
2026-04-14 06:30:50,923 INFO sqlalchemy.engine.Engine SELECT carreras.id AS carreras_id, carreras.nombre AS carreras_nombre, carreras.descripcion AS carreras_descripcion, carreras.created_at AS carreras_created_at, carreras.updated_at AS carreras_updated_at 
FROM carreras 
WHERE carreras.id = %(id_1)s 
 LIMIT %(param_1)s
2026-04-14 06:30:50,923 INFO sqlalchemy.engine.Engine [generated in 0.00048s] {'id_1': 1, 'param_1': 1}
No fue posible consultar materias para carrera 1: Client error '401 Unauthorized' for url 'http://172.30.128.1:8004/api/materias/carrera/1'
For more information check: https://developer.mozilla.org/en-US/docs/Web/HTTP/Status/401
INFO:     127.0.0.1:51740 - "GET /api/carreras/1 HTTP/1.1" 200 OK
2026-04-14 06:30:51,594 INFO sqlalchemy.engine.Engine ROLLBACK
2026-04-14 06:30:54,457 INFO sqlalchemy.engine.Engine BEGIN (implicit)
2026-04-14 06:30:54,457 INFO sqlalchemy.engine.Engine SELECT carreras.id AS carreras_id, carreras.nombre AS carreras_nombre, carreras.descripcion AS carreras_descripcion, carreras.created_at AS carreras_created_at, carreras.updated_at AS carreras_updated_at 
FROM carreras 
WHERE carreras.id = %(id_1)s 
 LIMIT %(param_1)s
2026-04-14 06:30:54,458 INFO sqlalchemy.engine.Engine [cached since 3.535s ago] {'id_1': 1, 'param_1': 1}
No fue posible consultar materias para carrera 1: Client error '401 Unauthorized' for url 'http://172.30.128.1:8004/api/materias/carrera/1'
For more information check: https://developer.mozilla.org/en-US/docs/Web/HTTP/Status/401
INFO:     172.30.128.1:51747 - "GET /api/carreras/_exists/1 HTTP/1.1" 200 OK
2026-04-14 06:30:55,088 INFO sqlalchemy.engine.Engine ROLLBACK
